2017-08-01 18:21:39.164  INFO 4716 --- [main] com.gp.config.GSyncApplication           : Starting GSyncApplication on gdiaos-MacBook-Pro.local with PID 4716 (/gdev/gp-workspace/gp.sync/target/classes started by gdiao in /gdev/gp-workspace/gp.sync)
2017-08-01 18:21:39.167 DEBUG 4716 --- [main] com.gp.config.GSyncApplication           : Running with Spring Boot v1.5.6.RELEASE, Spring v4.3.10.RELEASE
2017-08-01 18:21:39.167  INFO 4716 --- [main] com.gp.config.GSyncApplication           : No active profile set, falling back to default profiles: default
2017-08-01 18:21:48.311  INFO 4716 --- [main] com.gp.config.GSyncApplication           : Started GSyncApplication in 24.506 seconds (JVM running for 24.818)
2017-08-01 18:22:08.962  INFO 4716 --- [http-nio-8080-exec-1] c.g.s.web.socket.UserHandshakeHandler    : determine attr : {sec-websocket-key=okB3a06ZuZ3tfkb23+rGmA==, connection=upgrade, sec-websocket-version=13, host=127.0.0.1:8080, upgrade=websocket, token====233442===}
2017-08-01 18:22:09.023  INFO 4716 --- [http-nio-8080-exec-1] com.gp.sync.web.socket.HandlerDecorator  : online: StandardWebSocketSession[id=0, uri=/hello]
2017-08-01 18:22:09.037 DEBUG 4716 --- [http-nio-8080-exec-1] c.gp.sync.web.socket.StompConnListener   : msg headers : {simpMessageType=CONNECT, stompCommand=CONNECT, nativeHeaders={heart-beat=[10000,10000], accept-version=[1.1,1.2]}, simpSessionAttributes={}, simpHeartbeat=[J@78159dd, simpUser=com.gp.sync.web.socket.TestPrincipal@3df31f56, simpSessionId=0}
2017-08-01 18:22:09.037 DEBUG 4716 --- [http-nio-8080-exec-1] c.gp.sync.web.socket.StompConnListener   : headers : null
2017-08-01 18:22:09.079  INFO 4716 --- [clientInboundChannel-7] c.gp.sync.web.socket.GreetingController  : Received hello: Client
2017-08-01 18:22:12.922  INFO 4716 --- [http-nio-8080-exec-3] com.gp.sync.web.socket.HandlerDecorator  : offline: StandardWebSocketSession[id=0, uri=/hello]
2017-08-01 18:33:15.090  INFO 4716 --- [http-nio-8080-exec-9] c.g.s.web.socket.UserHandshakeHandler    : determine attr : {host=localhost:8080, connection=Upgrade, pragma=no-cache, cache-control=no-cache, upgrade=websocket, origin=http://localhost:8080, sec-websocket-version=13, user-agent=Mozilla/5.0 (Macintosh; Intel Mac OS X 10_12_6) AppleWebKit/537.36 (KHTML, like Gecko) Chrome/59.0.3071.115 Safari/537.36, accept-encoding=gzip, deflate, br, accept-language=en-US,en;q=0.8,zh-CN;q=0.6,zh;q=0.4, cookie=SESSION=25dd25ad-ab94-480a-9c48-6112991565a1; JSESSIONID=85FEDC691EAD400C91EBE24899555039, sec-websocket-key=ocIIhjjY5e3IjEZy4kRqFw==, sec-websocket-extensions=permessage-deflate; client_max_window_bits, sec-websocket-protocol=v10.stomp, v11.stomp}
2017-08-01 18:33:15.097  INFO 4716 --- [http-nio-8080-exec-9] com.gp.sync.web.socket.HandlerDecorator  : online: StandardWebSocketSession[id=1, uri=/hello]
2017-08-01 18:33:15.098 DEBUG 4716 --- [http-nio-8080-exec-9] c.gp.sync.web.socket.StompConnListener   : msg headers : {simpMessageType=CONNECT, stompCommand=CONNECT, nativeHeaders={agent=[==123456==], xx=[dddddd], accept-version=[1.1,1.0], heart-beat=[10000,10000]}, simpSessionAttributes={}, simpHeartbeat=[J@2f01e77f, simpUser=com.gp.sync.web.socket.TestPrincipal@5b0681f6, simpSessionId=1}
2017-08-01 18:33:15.098 DEBUG 4716 --- [http-nio-8080-exec-9] c.gp.sync.web.socket.StompConnListener   : headers : [==123456==]
2017-08-01 18:35:15.818  INFO 4716 --- [http-nio-8080-exec-5] com.gp.sync.web.socket.HandlerDecorator  : offline: StandardWebSocketSession[id=1, uri=/hello]
2017-08-01 18:39:06.586  INFO 4716 --- [http-nio-8080-exec-5] c.g.s.web.socket.UserHandshakeHandler    : determine attr : {sec-websocket-key=jUOetP1AZsrElcbhIRCDDQ==, connection=upgrade, sec-websocket-version=13, host=127.0.0.1:8080, upgrade=websocket, token====233442===}
2017-08-01 18:39:06.588  INFO 4716 --- [http-nio-8080-exec-5] com.gp.sync.web.socket.HandlerDecorator  : online: StandardWebSocketSession[id=2, uri=/hello]
2017-08-01 18:39:06.617 DEBUG 4716 --- [http-nio-8080-exec-10] c.gp.sync.web.socket.StompConnListener   : msg headers : {simpMessageType=CONNECT, stompCommand=CONNECT, nativeHeaders={heart-beat=[10000,10000], accept-version=[1.1,1.2]}, simpSessionAttributes={}, simpHeartbeat=[J@6d72aa8d, simpUser=com.gp.sync.web.socket.TestPrincipal@6852397c, simpSessionId=2}
2017-08-01 18:39:06.644 DEBUG 4716 --- [http-nio-8080-exec-10] c.gp.sync.web.socket.StompConnListener   : headers : null
2017-08-01 18:39:06.653  INFO 4716 --- [clientInboundChannel-24] c.gp.sync.web.socket.GreetingController  : Received hello: Client
2017-08-01 18:39:27.186  INFO 4716 --- [http-nio-8080-exec-9] com.gp.sync.web.socket.HandlerDecorator  : offline: StandardWebSocketSession[id=2, uri=/hello]
2017-08-01 18:46:00.835  INFO 4852 --- [main] com.gp.config.GSyncApplication           : Starting GSyncApplication on gdiaos-MacBook-Pro.local with PID 4852 (/gdev/gp-workspace/gp.sync/target/classes started by gdiao in /gdev/gp-workspace/gp.sync)
2017-08-01 18:46:00.838 DEBUG 4852 --- [main] com.gp.config.GSyncApplication           : Running with Spring Boot v1.5.6.RELEASE, Spring v4.3.10.RELEASE
2017-08-01 18:46:00.839  INFO 4852 --- [main] com.gp.config.GSyncApplication           : No active profile set, falling back to default profiles: default
2017-08-01 18:46:09.774  INFO 4852 --- [main] com.gp.config.GSyncApplication           : Started GSyncApplication in 24.298 seconds (JVM running for 24.624)
2017-08-01 18:46:19.390  INFO 4852 --- [http-nio-8080-exec-1] c.g.s.web.socket.UserHandshakeHandler    : determine attr : {host=localhost:8080, connection=Upgrade, pragma=no-cache, cache-control=no-cache, upgrade=websocket, origin=http://localhost:8080, sec-websocket-version=13, user-agent=Mozilla/5.0 (Macintosh; Intel Mac OS X 10_12_6) AppleWebKit/537.36 (KHTML, like Gecko) Chrome/59.0.3071.115 Safari/537.36, accept-encoding=gzip, deflate, br, accept-language=en-US,en;q=0.8,zh-CN;q=0.6,zh;q=0.4, cookie=SESSION=25dd25ad-ab94-480a-9c48-6112991565a1; JSESSIONID=85FEDC691EAD400C91EBE24899555039, sec-websocket-key=ij2QOIZMvnEzVaQeK5N5gw==, sec-websocket-extensions=permessage-deflate; client_max_window_bits, sec-websocket-protocol=v10.stomp, v11.stomp}
2017-08-01 18:46:19.427  INFO 4852 --- [http-nio-8080-exec-1] com.gp.sync.web.socket.HandlerDecorator  : online: StandardWebSocketSession[id=0, uri=/hello]
2017-08-01 18:46:19.436 DEBUG 4852 --- [http-nio-8080-exec-1] c.gp.sync.web.socket.StompConnListener   : msg headers : {simpMessageType=CONNECT, stompCommand=CONNECT, nativeHeaders={agent=[==123456==], xx=[dddddd], accept-version=[1.1,1.0], heart-beat=[10000,10000]}, simpSessionAttributes={}, simpHeartbeat=[J@335d96e5, simpUser=com.gp.sync.web.socket.TestPrincipal@46a965ef, simpSessionId=0}
2017-08-01 18:46:19.437 DEBUG 4852 --- [http-nio-8080-exec-1] c.gp.sync.web.socket.StompConnListener   : headers : [==123456==]
2017-08-01 18:46:21.895  INFO 4852 --- [http-nio-8080-exec-3] com.gp.sync.web.socket.HandlerDecorator  : offline: StandardWebSocketSession[id=0, uri=/hello]
2017-08-01 18:46:23.350  INFO 4852 --- [http-nio-8080-exec-4] c.g.s.web.socket.UserHandshakeHandler    : determine attr : {host=localhost:8080, connection=Upgrade, pragma=no-cache, cache-control=no-cache, upgrade=websocket, origin=http://localhost:8080, sec-websocket-version=13, user-agent=Mozilla/5.0 (Macintosh; Intel Mac OS X 10_12_6) AppleWebKit/537.36 (KHTML, like Gecko) Chrome/59.0.3071.115 Safari/537.36, accept-encoding=gzip, deflate, br, accept-language=en-US,en;q=0.8,zh-CN;q=0.6,zh;q=0.4, cookie=SESSION=25dd25ad-ab94-480a-9c48-6112991565a1; JSESSIONID=85FEDC691EAD400C91EBE24899555039, sec-websocket-key=I6LetFL9Pq98pIyXTVCeWg==, sec-websocket-extensions=permessage-deflate; client_max_window_bits, sec-websocket-protocol=v10.stomp, v11.stomp}
2017-08-01 18:46:23.354  INFO 4852 --- [http-nio-8080-exec-4] com.gp.sync.web.socket.HandlerDecorator  : online: StandardWebSocketSession[id=1, uri=/hello]
2017-08-01 18:46:23.355 DEBUG 4852 --- [http-nio-8080-exec-4] c.gp.sync.web.socket.StompConnListener   : msg headers : {simpMessageType=CONNECT, stompCommand=CONNECT, nativeHeaders={agent=[==123456==], xx=[dddddd], accept-version=[1.1,1.0], heart-beat=[10000,10000]}, simpSessionAttributes={}, simpHeartbeat=[J@6c36b668, simpUser=com.gp.sync.web.socket.TestPrincipal@6d94d8a0, simpSessionId=1}
2017-08-01 18:46:23.355 DEBUG 4852 --- [http-nio-8080-exec-4] c.gp.sync.web.socket.StompConnListener   : headers : [==123456==]
2017-08-01 18:46:25.494  INFO 4852 --- [http-nio-8080-exec-6] com.gp.sync.web.socket.HandlerDecorator  : offline: StandardWebSocketSession[id=1, uri=/hello]
2017-08-01 18:46:27.332  INFO 4852 --- [http-nio-8080-exec-2] c.g.s.web.socket.UserHandshakeHandler    : determine attr : {host=localhost:8080, connection=Upgrade, pragma=no-cache, cache-control=no-cache, upgrade=websocket, origin=http://localhost:8080, sec-websocket-version=13, user-agent=Mozilla/5.0 (Macintosh; Intel Mac OS X 10_12_6) AppleWebKit/537.36 (KHTML, like Gecko) Chrome/59.0.3071.115 Safari/537.36, accept-encoding=gzip, deflate, br, accept-language=en-US,en;q=0.8,zh-CN;q=0.6,zh;q=0.4, cookie=SESSION=25dd25ad-ab94-480a-9c48-6112991565a1; JSESSIONID=85FEDC691EAD400C91EBE24899555039, sec-websocket-key=bs9EUB1jlRhQZGmBirwH2Q==, sec-websocket-extensions=permessage-deflate; client_max_window_bits, sec-websocket-protocol=v10.stomp, v11.stomp}
2017-08-01 18:46:27.334  INFO 4852 --- [http-nio-8080-exec-2] com.gp.sync.web.socket.HandlerDecorator  : online: StandardWebSocketSession[id=2, uri=/hello]
2017-08-01 18:46:27.336 DEBUG 4852 --- [http-nio-8080-exec-3] c.gp.sync.web.socket.StompConnListener   : msg headers : {simpMessageType=CONNECT, stompCommand=CONNECT, nativeHeaders={passcode=[PROTECTED], login=[dddddd], accept-version=[1.1,1.0], heart-beat=[10000,10000]}, simpSessionAttributes={}, simpHeartbeat=[J@1c683cd3, stompCredentials=[PROTECTED], simpUser=com.gp.sync.web.socket.TestPrincipal@54707ebd, simpSessionId=2}
2017-08-01 18:46:27.336 DEBUG 4852 --- [http-nio-8080-exec-3] c.gp.sync.web.socket.StompConnListener   : headers : null
2017-08-01 18:47:22.497  INFO 4852 --- [http-nio-8080-exec-7] com.gp.sync.web.socket.HandlerDecorator  : offline: StandardWebSocketSession[id=2, uri=/hello]
2017-08-01 18:47:43.342  INFO 4852 --- [http-nio-8080-exec-1] c.g.s.web.socket.UserHandshakeHandler    : determine attr : {sec-websocket-key=6gEGK4EbZfEjDaBQK6BuEQ==, connection=upgrade, sec-websocket-version=13, host=127.0.0.1:8080, login=us001, upgrade=websocket, passcode====233442===}
2017-08-01 18:47:43.344  INFO 4852 --- [http-nio-8080-exec-1] com.gp.sync.web.socket.HandlerDecorator  : online: StandardWebSocketSession[id=3, uri=/hello]
2017-08-01 18:47:43.371 DEBUG 4852 --- [http-nio-8080-exec-2] c.gp.sync.web.socket.StompConnListener   : msg headers : {simpMessageType=CONNECT, stompCommand=CONNECT, nativeHeaders={heart-beat=[10000,10000], accept-version=[1.1,1.2]}, simpSessionAttributes={}, simpHeartbeat=[J@5fc63b0, simpUser=com.gp.sync.web.socket.TestPrincipal@59c43aa5, simpSessionId=3}
2017-08-01 18:47:43.371 DEBUG 4852 --- [http-nio-8080-exec-2] c.gp.sync.web.socket.StompConnListener   : headers : null
2017-08-01 18:47:43.395  INFO 4852 --- [clientInboundChannel-5] c.gp.sync.web.socket.GreetingController  : Received hello: Client
2017-08-01 18:47:46.702  INFO 4852 --- [http-nio-8080-exec-4] com.gp.sync.web.socket.HandlerDecorator  : offline: StandardWebSocketSession[id=3, uri=/hello]
2017-08-01 18:57:43.614  INFO 4852 --- [http-nio-8080-exec-5] c.g.s.web.socket.UserHandshakeHandler    : determine attr : {host=localhost:8080, connection=Upgrade, pragma=no-cache, cache-control=no-cache, upgrade=websocket, origin=http://localhost:8080, sec-websocket-version=13, user-agent=Mozilla/5.0 (Macintosh; Intel Mac OS X 10_12_6) AppleWebKit/537.36 (KHTML, like Gecko) Chrome/59.0.3071.115 Safari/537.36, accept-encoding=gzip, deflate, br, accept-language=en-US,en;q=0.8,zh-CN;q=0.6,zh;q=0.4, cookie=SESSION=25dd25ad-ab94-480a-9c48-6112991565a1; JSESSIONID=85FEDC691EAD400C91EBE24899555039, sec-websocket-key=oC4nLoOB1F9BLgsb7VeCNA==, sec-websocket-extensions=permessage-deflate; client_max_window_bits, sec-websocket-protocol=v10.stomp, v11.stomp}
2017-08-01 18:57:43.619  INFO 4852 --- [http-nio-8080-exec-5] com.gp.sync.web.socket.HandlerDecorator  : online: StandardWebSocketSession[id=4, uri=/hello]
2017-08-01 18:57:43.621 DEBUG 4852 --- [http-nio-8080-exec-6] c.gp.sync.web.socket.StompConnListener   : msg headers : {simpMessageType=CONNECT, stompCommand=CONNECT, nativeHeaders={passcode=[PROTECTED], login=[dddddd], accept-version=[1.1,1.0], heart-beat=[10000,10000]}, simpSessionAttributes={}, simpHeartbeat=[J@3fab95dd, stompCredentials=[PROTECTED], simpUser=com.gp.sync.web.socket.TestPrincipal@1880d24c, simpSessionId=4}
2017-08-01 18:57:43.622 DEBUG 4852 --- [http-nio-8080-exec-6] c.gp.sync.web.socket.StompConnListener   : headers : null
2017-08-01 18:57:45.117  INFO 4852 --- [http-nio-8080-exec-8] com.gp.sync.web.socket.HandlerDecorator  : offline: StandardWebSocketSession[id=4, uri=/hello]
